TN:
SF:/usr/src/app/client/modules/App/components/Footer/Footer.js
FN:7,Footer
FNF:1
FNH:1
FNDA:1,Footer
DA:7,2
LF:1
LH:1
BRDA:11,1,0,1
BRDA:11,1,1,1
BRF:2
BRH:2
end_of_record
TN:
SF:/usr/src/app/client/util/react-intl-test-helper.js
FN:25,nodeWithIntlProp
FN:29,shallowWithIntl
FN:33,mountWithIntl
FNF:3
FNH:3
FNDA:8,nodeWithIntlProp
FNDA:3,shallowWithIntl
FNDA:5,mountWithIntl
LF:0
LH:0
BRF:0
BRH:0
end_of_record
TN:
SF:/usr/src/app/client/modules/App/components/Header/Header.js
FN:5,Header
FNF:1
FNH:1
FNDA:1,Header
DA:5,2
LF:1
LH:1
BRDA:16,1,0,1
BRDA:16,1,1,0
BRDA:21,2,0,1
BRDA:21,2,1,0
BRF:4
BRH:2
end_of_record
TN:
SF:/usr/src/app/client/modules/Intl/IntlActions.js
FN:6,switchLanguage
FNF:1
FNH:1
FNDA:2,switchLanguage
DA:6,3
LF:1
LH:1
BRF:0
BRH:0
end_of_record
TN:
SF:/usr/src/app/client/modules/Intl/IntlReducer.js
FN:12,IntlReducer
FNF:1
FNH:1
FNDA:3,IntlReducer
DA:14,1
LF:1
LH:1
BRDA:4,1,0,2
BRDA:4,1,1,2
BRDA:4,1,2,0
BRDA:9,2,0,2
BRDA:9,2,1,2
BRDA:12,3,0,1
BRDA:12,3,1,2
BRDA:12,4,0,3
BRDA:12,4,1,3
BRDA:14,5,0,1
BRDA:14,5,1,2
BRF:11
BRH:10
end_of_record
TN:
SF:/usr/src/app/client/modules/Todo/components/TodoCreateWidget/TodoCreateWidget.js
FNF:0
FNH:0
DA:8,2
LF:1
LH:1
BRDA:8,1,0,1
BRDA:8,1,1,1
BRF:2
BRH:2
end_of_record
TN:
SF:/usr/src/app/client/modules/Todo/components/TodoList.js
FN:6,TodoList
FNF:1
FNH:1
FNDA:1,TodoList
DA:6,2
LF:1
LH:1
BRF:0
BRH:0
end_of_record
TN:
SF:/usr/src/app/client/modules/Todo/components/TodoListItem/TodoListItem.js
FN:7,TodoListItem
FNF:1
FNH:1
FNDA:3,TodoListItem
DA:7,3
LF:1
LH:1
BRDA:10,1,0,3
BRDA:10,1,1,0
BRF:2
BRH:1
end_of_record
TN:
SF:/usr/src/app/client/modules/Todo/TodoActions.js
FN:10,addTodo
FN:14,addTodos
FN:18,completeTodo
FN:22,clearCompletedTodo
FN:26,addTodoRequest
FN:27,(anonymous_7)
FN:36,fetchTodos
FN:37,(anonymous_10)
FN:42,clearCompletedTodoRequest
FN:43,(anonymous_13)
FN:48,completeTodoRequest
FN:49,(anonymous_16)
FNF:12
FNH:4
FNDA:2,addTodo
FNDA:2,addTodos
FNDA:2,completeTodo
FNDA:2,clearCompletedTodo
FNDA:0,addTodoRequest
FNDA:0,(anonymous_7)
FNDA:0,fetchTodos
FNDA:0,(anonymous_10)
FNDA:0,clearCompletedTodoRequest
FNDA:0,(anonymous_13)
FNDA:0,completeTodoRequest
FNDA:0,(anonymous_16)
DA:10,3
DA:14,3
DA:18,3
DA:22,3
DA:26,3
DA:36,3
DA:42,3
DA:48,3
LF:8
LH:8
BRF:0
BRH:0
end_of_record
TN:
SF:/usr/src/app/client/util/apiCaller.js
FN:8,callApi
FN:15,(anonymous_5)
FNF:2
FNH:2
FNDA:3,callApi
FNDA:3,(anonymous_5)
DA:8,4
DA:16,3
LF:2
LH:2
BRDA:5,1,0,4
BRDA:5,1,1,0
BRDA:4,2,0,4
BRDA:4,2,1,4
BRDA:5,3,0,4
BRDA:5,3,1,4
BRDA:5,4,0,4
BRDA:5,4,1,0
BRDA:8,5,0,1
BRDA:8,5,1,2
BRDA:8,6,0,3
BRDA:8,6,1,1
BRDA:16,7,0,1
BRDA:16,7,1,2
BRF:14
BRH:12
end_of_record
TN:
SF:/usr/src/app/client/modules/Todo/TodoReducer.js
FN:6,TodoReducer
FN:20,(anonymous_3)
FNF:2
FNH:2
FNDA:6,TodoReducer
FNDA:1,(anonymous_3)
LF:0
LH:0
BRDA:6,1,0,4
BRDA:6,1,1,2
BRDA:6,2,0,6
BRDA:6,2,1,6
BRDA:8,3,0,1
BRDA:8,3,1,1
BRDA:8,3,2,1
BRDA:8,3,3,1
BRDA:8,3,4,2
BRDA:21,4,0,1
BRDA:21,4,1,0
BRF:11
BRH:10
end_of_record
TN:
SF:/usr/src/app/server/server.js
FN:43,(anonymous_2)
FN:62,renderFullPage
FN:99,renderError
FN:107,(anonymous_5)
FN:108,(anonymous_6)
FN:124,(anonymous_7)
FN:144,(anonymous_9)
FNF:7
FNH:2
FNDA:1,(anonymous_2)
FNDA:0,renderFullPage
FNDA:0,renderError
FNDA:0,(anonymous_5)
FNDA:0,(anonymous_6)
FNDA:0,(anonymous_7)
FNDA:1,(anonymous_9)
DA:18,1
DA:44,1
DA:45,0
DA:109,0
DA:113,0
DA:117,0
DA:145,1
DA:146,1
LF:8
LH:4
BRDA:18,1,0,0
BRDA:18,1,1,1
BRDA:44,2,0,0
BRDA:44,2,1,1
BRDA:66,3,0,0
BRDA:66,3,1,0
BRDA:67,4,0,0
BRDA:67,4,1,0
BRDA:79,5,0,0
BRDA:79,5,1,0
BRDA:87,6,0,0
BRDA:87,6,1,0
BRDA:92,7,0,0
BRDA:92,7,1,0
BRDA:93,8,0,0
BRDA:93,8,1,0
BRDA:101,9,0,0
BRDA:101,9,1,0
BRDA:109,10,0,0
BRDA:109,10,1,0
BRDA:113,11,0,0
BRDA:113,11,1,0
BRDA:117,12,0,0
BRDA:117,12,1,0
BRDA:145,13,0,1
BRDA:145,13,1,0
BRF:26
BRH:3
end_of_record
TN:
SF:/usr/src/app/client/modules/Intl/IntlWrapper.js
FN:5,IntlWrapper
FN:19,mapStateToProps
FNF:2
FNH:0
FNDA:0,IntlWrapper
FNDA:0,mapStateToProps
DA:5,1
DA:19,1
LF:2
LH:2
BRF:0
BRH:0
end_of_record
TN:
SF:/usr/src/app/client/modules/App/components/DevTools.js
FNF:0
FNH:0
LF:0
LH:0
BRF:0
BRH:0
end_of_record
TN:
SF:/usr/src/app/client/modules/App/App.js
FN:14,App
FN:64,mapStateToProps
FNF:2
FNH:0
FNDA:0,App
FNDA:0,mapStateToProps
DA:14,1
DA:20,0
DA:64,1
LF:3
LH:2
BRDA:14,1,0,0
BRDA:14,1,1,0
BRDA:26,2,0,0
BRDA:26,2,1,0
BRDA:26,2,2,0
BRDA:26,2,3,0
BRF:6
BRH:0
end_of_record
TN:
SF:/usr/src/app/client/modules/Todo/pages/TodoListPage.js
FN:48,(anonymous_18)
FN:51,mapStateToProps
FNF:2
FNH:0
FNDA:0,(anonymous_18)
FNDA:0,mapStateToProps
DA:51,1
LF:1
LH:1
BRF:0
BRH:0
end_of_record
TN:
SF:/usr/src/app/client/modules/App/components/WelcomePage.js
FN:4,WelcomePage
FNF:1
FNH:0
FNDA:0,WelcomePage
DA:4,1
LF:1
LH:1
BRF:0
BRH:0
end_of_record
TN:
SF:/usr/src/app/server/util/fetchData.js
FN:7,fetchComponentData
FN:8,(anonymous_2)
FNF:2
FNH:0
FNDA:0,fetchComponentData
FNDA:0,(anonymous_2)
LF:0
LH:0
BRDA:9,1,0,0
BRDA:9,1,1,0
BRDA:10,2,0,0
BRDA:10,2,1,0
BRDA:10,3,0,0
BRDA:10,3,1,0
BRDA:10,4,0,0
BRDA:10,4,1,0
BRF:8
BRH:0
end_of_record
TN:
SF:/usr/src/app/server/util/promiseUtils.js
FN:5,sequence
FN:7,runner
FN:11,(anonymous_3)
FNF:3
FNH:0
FNDA:0,sequence
FNDA:0,runner
FNDA:0,(anonymous_3)
DA:5,1
DA:9,0
LF:2
LH:1
BRDA:9,1,0,0
BRDA:9,1,1,0
BRF:2
BRH:0
end_of_record
TN:
SF:/usr/src/app/server/routes/todo.routes.js
FNF:0
FNH:0
LF:0
LH:0
BRF:0
BRH:0
end_of_record
TN:
SF:/usr/src/app/server/controllers/todo.controller.js
FN:10,getTodos
FN:11,(anonymous_3)
FN:25,addTodo
FN:32,(anonymous_5)
FN:46,deleteCompletedTodo
FN:47,(anonymous_7)
FN:61,completeTodo
FN:62,(anonymous_9)
FN:68,(anonymous_10)
FNF:9
FNH:2
FNDA:1,getTodos
FNDA:1,(anonymous_3)
FNDA:0,addTodo
FNDA:0,(anonymous_5)
FNDA:0,deleteCompletedTodo
FNDA:0,(anonymous_7)
FNDA:0,completeTodo
FNDA:0,(anonymous_9)
FNDA:0,(anonymous_10)
DA:10,1
DA:12,1
DA:25,1
DA:26,0
DA:33,0
DA:46,1
DA:48,0
DA:61,1
DA:63,0
DA:69,0
LF:10
LH:5
BRDA:12,1,0,0
BRDA:12,1,1,1
BRDA:26,2,0,0
BRDA:26,2,1,0
BRDA:33,3,0,0
BRDA:33,3,1,0
BRDA:48,4,0,0
BRDA:48,4,1,0
BRDA:63,5,0,0
BRDA:63,5,1,0
BRDA:69,6,0,0
BRDA:69,6,1,0
BRF:12
BRH:1
end_of_record
TN:
SF:/usr/src/app/server/models/todo.js
FNF:0
FNH:0
LF:0
LH:0
BRF:0
BRH:0
end_of_record
